mode: set
appointment-service/internal/service/create.go:22.114,24.23 1 1
appointment-service/internal/service/create.go:24.23,26.17 2 1
appointment-service/internal/service/create.go:26.17,28.4 1 1
appointment-service/internal/service/create.go:31.2,32.16 2 1
appointment-service/internal/service/create.go:32.16,34.3 1 1
appointment-service/internal/service/create.go:36.2,37.16 2 1
appointment-service/internal/service/create.go:37.16,39.3 1 1
appointment-service/internal/service/create.go:41.2,48.8 1 1
appointment-service/internal/service/create.go:53.154,59.2 1 1
appointment-service/internal/service/delete.go:20.98,23.16 2 1
appointment-service/internal/service/delete.go:23.16,25.3 1 1
appointment-service/internal/service/delete.go:27.2,27.12 1 1
appointment-service/internal/service/delete.go:32.82,36.2 1 1
appointment-service/internal/service/get.go:24.122,27.16 2 1
appointment-service/internal/service/get.go:27.16,29.3 1 1
appointment-service/internal/service/get.go:31.2,31.20 1 1
appointment-service/internal/service/get.go:34.139,37.16 2 1
appointment-service/internal/service/get.go:37.16,39.3 1 1
appointment-service/internal/service/get.go:41.2,42.16 2 1
appointment-service/internal/service/get.go:42.16,44.3 1 1
appointment-service/internal/service/get.go:46.2,46.73 1 1
appointment-service/internal/service/get.go:49.141,52.16 2 1
appointment-service/internal/service/get.go:52.16,54.3 1 1
appointment-service/internal/service/get.go:56.2,57.16 2 1
appointment-service/internal/service/get.go:57.16,59.3 1 1
appointment-service/internal/service/get.go:61.2,61.73 1 1
appointment-service/internal/service/get.go:64.152,67.16 2 1
appointment-service/internal/service/get.go:67.16,69.3 1 1
appointment-service/internal/service/get.go:71.2,71.20 1 1
appointment-service/internal/service/get.go:74.122,77.16 2 1
appointment-service/internal/service/get.go:77.16,79.3 1 1
appointment-service/internal/service/get.go:81.2,82.16 2 1
appointment-service/internal/service/get.go:82.16,84.3 1 1
appointment-service/internal/service/get.go:86.2,86.73 1 1
appointment-service/internal/service/get.go:91.76,95.2 1 1
appointment-service/internal/service/update.go:22.114,24.23 1 1
appointment-service/internal/service/update.go:24.23,26.17 2 1
appointment-service/internal/service/update.go:26.17,28.4 1 1
appointment-service/internal/service/update.go:31.2,32.16 2 1
appointment-service/internal/service/update.go:32.16,34.3 1 1
appointment-service/internal/service/update.go:36.2,37.16 2 1
appointment-service/internal/service/update.go:37.16,39.3 1 1
appointment-service/internal/service/update.go:41.2,41.20 1 1
appointment-service/internal/service/update.go:46.154,52.2 1 1
